============================= test session starts ==============================
platform linux -- Python 3.11.15, pytest-9.1.1, pluggy-1.6.0
rootdir: /home/victor/workspace/polyglot
plugins: anyio-3.7.1
collected 21 items

docker/backend/test_exercise_content.py ..............F                  [ 71%]
docker/backend/test_cron_incremental.py ......                           [100%]

=================================== FAILURES ===================================
______________ test_real_database_cron_round_uses_latest_snapshot ______________

    def test_real_database_cron_round_uses_latest_snapshot():
        """Validate the real production DB against the latest cron snapshot.
    
        The snapshot records the ExerciseItem count for each active language before
        this cron round. After running the incremental script, every language must
        have grown by exactly the expected batch size (up to 5) and no session
        block may exceed SESSION_SIZE.
        """
        import importlib
    
        snapshot_path = _latest_cron_snapshot_path()
        with snapshot_path.open() as f:
            raw_counts = json.load(f)
        # New snapshots include both before/after; older snapshots were flat.
        before_counts = raw_counts.get("before", raw_counts)
    
        os.environ["DATABASE_URL"] = "sqlite:///./polyglot.db"
        import models
        importlib.reload(models)
        Base = models.Base
        engine = models.engine
        SessionLocal = models.SessionLocal
        ExerciseLesson = models.ExerciseLesson
        ExerciseItem = models.ExerciseItem
    
        Base.metadata.create_all(bind=engine)
        db = SessionLocal()
        try:
            for code in LANGUAGES:
                lesson = (
                    db.query(ExerciseLesson)
                    .filter(ExerciseLesson.language_code == code, ExerciseLesson.active == True)
                    .first()
                )
                assert lesson, f"no active lesson for {code}"
                before = before_counts[code]
                after = db.query(ExerciseItem).filter(ExerciseItem.lesson_id == lesson.id).count()
                target = ExerciseService.dynamic_target_for_language(code, before)
                remaining_to_target = target - before
                last_block = before % ExerciseService.SESSION_SIZE
                if last_block == 0:
                    expected = min(5, ExerciseService.SESSION_SIZE)
                elif last_block <= 15:
                    expected = min(5, ExerciseService.SESSION_SIZE - last_block)
                else:
                    expected = ExerciseService.SESSION_SIZE - last_block
                # The cron never adds items beyond the per-language target.
                expected = max(0, min(expected, remaining_to_target))
>               assert after == before + expected, (
                    f"{code}: expected {before + expected} items after cron, got {after}"
                )
E               AssertionError: jp: expected 1305 items after cron, got 1315
E               assert 1315 == (1300 + 5)

docker/backend/test_exercise_content.py:430: AssertionError
=========================== short test summary info ============================
FAILED docker/backend/test_exercise_content.py::test_real_database_cron_round_uses_latest_snapshot
========================= 1 failed, 20 passed in 8.75s =========================
