============================= test session starts ==============================
platform linux -- Python 3.11.15, pytest-9.1.1, pluggy-1.6.0
rootdir: /home/victor/workspace/polyglot
plugins: anyio-3.7.1
collected 35 items

docker/backend/test_exercise_content.py ...............                  [ 42%]
docker/backend/test_polyglot_agent_review.py .............               [ 80%]
scripts/test_cron_session_rules.py .......                               [100%]

============================== 35 passed in 4.35s ==============================
